<?xml version="1.0" encoding="UTF-8"?>
<!-- Generated by org.testng.reporters.JUnitReportReporter -->
<testsuite hostname="Gayathri" failures="0" tests="4" name="Runner.LoginRunnerFile" time="21.306" errors="0" timestamp="2025-04-02T10:46:07 IST" skipped="0">
  <testcase classname="Runner.LoginRunnerFile" name="runScenario" time="10.016"/>
  <testcase classname="Runner.LoginRunnerFile" name="runScenario" time="4.205"/>
  <testcase classname="Runner.LoginRunnerFile" name="runScenario" time="3.558"/>
  <testcase classname="Runner.LoginRunnerFile" name="runScenario" time="3.527"/>
</testsuite> <!-- Runner.LoginRunnerFile -->
