<?xml version="1.0" encoding="UTF-8"?>
<!-- Generated by org.testng.reporters.JUnitReportReporter -->
<testsuite hostname="Gayathri" failures="0" tests="4" name="Runner.LoginRunnerFile" time="8.601" errors="0" timestamp="2025-04-01T21:50:47 IST" skipped="0">
  <testcase classname="Runner.LoginRunnerFile" name="runScenario" time="2.363"/>
  <testcase classname="Runner.LoginRunnerFile" name="runScenario" time="1.958"/>
  <testcase classname="Runner.LoginRunnerFile" name="runScenario" time="1.596"/>
  <testcase classname="Runner.LoginRunnerFile" name="runScenario" time="2.684"/>
</testsuite> <!-- Runner.LoginRunnerFile -->
