<?xml version="1.0" encoding="UTF-8"?>
<!-- Generated by org.testng.reporters.JUnitReportReporter -->
<testsuite hostname="Gayathri" failures="0" tests="4" name="Runner.LoginRunnerFile" time="16.793" errors="0" timestamp="2025-04-02T10:27:46 IST" skipped="0">
  <testcase classname="Runner.LoginRunnerFile" name="runScenario" time="3.967"/>
  <testcase classname="Runner.LoginRunnerFile" name="runScenario" time="3.789"/>
  <testcase classname="Runner.LoginRunnerFile" name="runScenario" time="3.654"/>
  <testcase classname="Runner.LoginRunnerFile" name="runScenario" time="5.383"/>
</testsuite> <!-- Runner.LoginRunnerFile -->
