<?xml version="1.0" encoding="UTF-8"?>
<!-- Generated by org.testng.reporters.JUnitReportReporter -->
<testsuite hostname="Gayathri" failures="0" tests="4" name="Runner.ParameterRunner" time="8.441" errors="0" timestamp="2025-04-02T20:08:07 IST" skipped="0">
  <testcase classname="Runner.ParameterRunner" name="runScenario" time="1.788"/>
  <testcase classname="Runner.ParameterRunner" name="runScenario" time="2.880"/>
  <testcase classname="Runner.ParameterRunner" name="runScenario" time="1.726"/>
  <testcase classname="Runner.ParameterRunner" name="runScenario" time="2.047"/>
</testsuite> <!-- Runner.ParameterRunner -->
