<?xml version="1.0" encoding="UTF-8"?>
<!-- Generated by org.testng.reporters.JUnitReportReporter -->
<testsuite hostname="Gayathri" failures="0" tests="4" name="Runner.LoginRunnerFile" time="12.338" errors="0" timestamp="2025-04-02T10:41:44 IST" skipped="0">
  <testcase classname="Runner.LoginRunnerFile" name="runScenario" time="2.908"/>
  <testcase classname="Runner.LoginRunnerFile" name="runScenario" time="3.660"/>
  <testcase classname="Runner.LoginRunnerFile" name="runScenario" time="2.896"/>
  <testcase classname="Runner.LoginRunnerFile" name="runScenario" time="2.874"/>
</testsuite> <!-- Runner.LoginRunnerFile -->
