<?xml version="1.0" encoding="UTF-8"?>
<!-- Generated by org.testng.reporters.JUnitReportReporter -->
<testsuite hostname="Gayathri" failures="0" tests="4" name="Runner.LoginRunnerFile" time="14.158" errors="0" timestamp="2025-04-02T11:14:56 IST" skipped="0">
  <testcase classname="Runner.LoginRunnerFile" name="runScenario" time="4.077"/>
  <testcase classname="Runner.LoginRunnerFile" name="runScenario" time="3.472"/>
  <testcase classname="Runner.LoginRunnerFile" name="runScenario" time="3.378"/>
  <testcase classname="Runner.LoginRunnerFile" name="runScenario" time="3.231"/>
</testsuite> <!-- Runner.LoginRunnerFile -->
