<?xml version="1.0" encoding="UTF-8"?>
<!-- Generated by org.testng.reporters.JUnitReportReporter -->
<testsuite hostname="Gayathri" failures="0" tests="4" name="Runner.LoginRunnerFile" time="8.379" errors="0" timestamp="2025-04-01T21:50:07 IST" skipped="0">
  <testcase classname="Runner.LoginRunnerFile" name="runScenario" time="1.896"/>
  <testcase classname="Runner.LoginRunnerFile" name="runScenario" time="3.142"/>
  <testcase classname="Runner.LoginRunnerFile" name="runScenario" time="1.623"/>
  <testcase classname="Runner.LoginRunnerFile" name="runScenario" time="1.718"/>
</testsuite> <!-- Runner.LoginRunnerFile -->
